<?xml version="1.0" encoding="UTF-8"?>
<!-- Generated by org.testng.reporters.JUnitXMLReporter -->
<testsuite ignored="0" hostname="DESKTOP-EVK9GMC" failures="1" tests="3" name="Test" time="51.577" errors="0" timestamp="31 Jan 2021 05:50:20 GMT">
  <testcase classname="com.Ecommerce.SkillRrart.testScripts.TakeingCourses" name="courses" time="12.261"/>
  <testcase classname="com.Ecommerce.SkillRrart.testScripts.Addtocart" name="addingcart" time="5.453"/>
  <testcase classname="com.Ecommerce.SkillRrart.testScripts.FacebookLike" name="facebooklike" time="0.003">
    <failure type="java.lang.Error" message="Unresolved compilation problem: 
	driver123 cannot be resolved to a variable
">
      <![CDATA[java.lang.Error: Unresolved compilation problem: 
driver123 cannot be resolved to a variable

at com.Ecommerce.SkillRrart.testScripts.FacebookLike.facebooklike(FacebookLike.java:18)
... Removed 25 stack frames]]>
    </failure>
  </testcase> <!-- facebooklike -->
</testsuite> <!-- Test -->
