<?xml version="1.0" encoding="UTF-8"?>
<testng-results ignored="0" total="1" passed="1" failed="0" skipped="0">
  <reporter-output>
  </reporter-output>
  <suite started-at="2021-01-31T05:51:31Z" name="Failed suite [Suite]" finished-at="2021-01-31T05:51:56Z" duration-ms="25118">
    <groups>
    </groups>
    <test started-at="2021-01-31T05:51:31Z" name="Test(failed)" finished-at="2021-01-31T05:51:56Z" duration-ms="25118">
      <class name="com.Ecommerce.SkillRrart.testScripts.FacebookLike">
        <test-method is-config="true" signature="openapp()[pri:0, instance:com.Ecommerce.SkillRrart.testScripts.FacebookLike@68267da0]" started-at="2021-01-31T05:51:31Z" name="openapp" finished-at="2021-01-31T05:51:42Z" duration-ms="10891" status="PASS">
          <reporter-output>
          </reporter-output>
        </test-method> <!-- openapp -->
        <test-method signature="facebooklike()[pri:0, instance:com.Ecommerce.SkillRrart.testScripts.FacebookLike@68267da0]" started-at="2021-01-31T05:51:42Z" name="facebooklike" finished-at="2021-01-31T05:51:55Z" duration-ms="12828" status="PASS">
          <reporter-output>
          </reporter-output>
        </test-method> <!-- facebooklike -->
        <test-method is-config="true" signature="closeapp(org.testng.ITestResult)[pri:0, instance:com.Ecommerce.SkillRrart.testScripts.FacebookLike@68267da0]" started-at="2021-01-31T05:51:55Z" name="closeapp" finished-at="2021-01-31T05:51:56Z" duration-ms="1329" status="PASS">
          <params>
            <param index="0">
              <value>
                <![CDATA[[TestResult name=facebooklike status=SUCCESS method=FacebookLike.facebooklike()[pri:0, instance:com.Ecommerce.SkillRrart.testScripts.FacebookLike@68267da0] output={null}]]]>
              </value>
            </param>
          </params>
          <reporter-output>
          </reporter-output>
        </test-method> <!-- closeapp -->
      </class> <!-- com.Ecommerce.SkillRrart.testScripts.FacebookLike -->
    </test> <!-- Test(failed) -->
  </suite> <!-- Failed suite [Suite] -->
</testng-results>
